{"name": "test_find_by_tags", "status": "failed", "statusDetails": {"message": "AssertionError: assert 500 == 200\n +  where 500 = <Response [500]>.status_code", "trace": "def test_find_by_tags():\n        log.info(\"checking find pet by tags\")\n        tags = [\"string\"]\n        check_get = petApi().find_by_tags(tags=tags)\n        d = check_get.json()\n>       assert check_get.status_code == 200\nE       assert 500 == 200\nE        +  where 500 = <Response [500]>.status_code\n\ntest_pet_petStore_swagger.py:71: AssertionError"}, "start": 1660287133289, "stop": 1660287133916, "uuid": "54bf0f80-e078-4b17-a19c-4ec6073fb9a2", "historyId": "0b467f53bfc5e4986489b4cd705f9b06", "testCaseId": "a5c056dfeeb36271c84ff05fbeae2305", "fullName": "test_pet_petStore_swagger#test_find_by_tags", "labels": [{"name": "suite", "value": "test_pet_petStore_swagger"}, {"name": "host", "value": "DESKTOP-670R9RK"}, {"name": "thread", "value": "20612-MainThread"}, {"name": "framework", "value": "pytest"}, {"name": "language", "value": "cpython3"}, {"name": "package", "value": "test_pet_petStore_swagger"}]}